<?xml version="1.0" encoding="UTF-8"?>
<testng-results Runset="Demojenkins" ExecutionTime="17/06/2020 7:25:35 PM" Environment="Default" blocked="0" failed="0" total="2" passed="2">
        <suite name="Demojenkins">
        <groups>
            <group name="GingerRunGroup">
                <method signature="login to fb" name="login to fb" class="login to fb.Ginger Business Flow"/>
                </group>
            </groups>
            <test name="GingerTest">
            <class name="login to fb.Ginger Business Flow">
                 <test-method status="PASS" signature="Ginger RunSet login to fb" name="Login to facebook" duration-ms="10044" started-at="17/06/2020 1:51:11 PM" description="" finished-at="17/06/2020 1:51:26 PM">
                 </test-method>
                 <test-method status="PASS" signature="Ginger RunSet login to fb" name="enter details" duration-ms="8160" started-at="17/06/2020 1:51:27 PM" description="" finished-at="17/06/2020 1:51:35 PM">
                 </test-method>
            </class>
            </test>
        </suite>
</testng-results>

